2020-12-14 01:01:23,461 INFO o.s.b.StartupInfoLogger [restartedMain] Starting CompxApplication using Java 14.0.2 on LAPTOP-B43C7EAM with PID 15720 (G:\workspace\Compx\target\classes started by Pramoth in G:\workspace\Compx)
2020-12-14 01:01:23,478 DEBUG o.s.b.StartupInfoLogger [restartedMain] Running with Spring Boot v2.4.0, Spring v5.3.1
2020-12-14 01:01:23,479 INFO o.s.b.SpringApplication [restartedMain] No active profile set, falling back to default profiles: default
2020-12-14 01:01:23,566 INFO o.s.b.l.DeferredLog [restartedMain] Devtools property defaults active! Set 'spring.devtools.add-properties' to 'false' to disable
2020-12-14 01:01:23,567 INFO o.s.b.l.DeferredLog [restartedMain] For additional web related logging consider setting the 'logging.level.web' property to 'DEBUG'
2020-12-14 01:01:24,423 INFO o.s.d.r.c.RepositoryConfigurationDelegate [restartedMain] Bootstrapping Spring Data MongoDB repositories in DEFAULT mode.
2020-12-14 01:01:24,495 INFO o.s.d.r.c.RepositoryConfigurationDelegate [restartedMain] Finished Spring Data repository scanning in 65 ms. Found 2 MongoDB repository interfaces.
2020-12-14 01:01:25,104 INFO o.s.b.w.e.t.TomcatWebServer [restartedMain] Tomcat initialized with port(s): 8085 (http)
2020-12-14 01:01:25,131 INFO o.a.j.l.DirectJDKLog [restartedMain] Initializing ProtocolHandler ["http-nio-8085"]
2020-12-14 01:01:25,132 INFO o.a.j.l.DirectJDKLog [restartedMain] Starting service [Tomcat]
2020-12-14 01:01:25,132 INFO o.a.j.l.DirectJDKLog [restartedMain] Starting Servlet engine: [Apache Tomcat/9.0.39]
2020-12-14 01:01:25,243 INFO o.a.j.l.DirectJDKLog [restartedMain] Initializing Spring embedded WebApplicationContext
2020-12-14 01:01:25,244 INFO o.s.b.w.s.c.ServletWebServerApplicationContext [restartedMain] Root WebApplicationContext: initialization completed in 1675 ms
2020-12-14 01:01:25,589 INFO c.m.d.l.SLF4JLogger [restartedMain] Cluster created with settings {hosts=[appribo-shard-00-00.u9tuy.mongodb.net:27017, appribo-shard-00-01.u9tuy.mongodb.net:27017, appribo-shard-00-02.u9tuy.mongodb.net:27017], mode=MULTIPLE, requiredClusterType=REPLICA_SET, serverSelectionTimeout='30000 ms', requiredReplicaSetName='atlas-bfkess-shard-0'}
2020-12-14 01:01:25,589 INFO c.m.d.l.SLF4JLogger [restartedMain] Adding discovered server appribo-shard-00-00.u9tuy.mongodb.net:27017 to client view of cluster
2020-12-14 01:01:25,625 INFO c.m.d.l.SLF4JLogger [restartedMain] Adding discovered server appribo-shard-00-01.u9tuy.mongodb.net:27017 to client view of cluster
2020-12-14 01:01:25,628 INFO c.m.d.l.SLF4JLogger [restartedMain] Adding discovered server appribo-shard-00-02.u9tuy.mongodb.net:27017 to client view of cluster
2020-12-14 01:01:25,979 INFO o.s.b.d.a.OptionalLiveReloadServer [restartedMain] LiveReload server is running on port 35729
2020-12-14 01:01:26,403 INFO c.m.d.l.SLF4JLogger [cluster-ClusterId{value='5fd66c0d65b8c11e0e53c98e', description='null'}-appribo-shard-00-02.u9tuy.mongodb.net:27017] Opened connection [connectionId{localValue:5, serverValue:206125}] to appribo-shard-00-02.u9tuy.mongodb.net:27017
2020-12-14 01:01:26,403 INFO c.m.d.l.SLF4JLogger [cluster-rtt-ClusterId{value='5fd66c0d65b8c11e0e53c98e', description='null'}-appribo-shard-00-01.u9tuy.mongodb.net:27017] Opened connection [connectionId{localValue:4, serverValue:262985}] to appribo-shard-00-01.u9tuy.mongodb.net:27017
2020-12-14 01:01:26,403 INFO c.m.d.l.SLF4JLogger [cluster-rtt-ClusterId{value='5fd66c0d65b8c11e0e53c98e', description='null'}-appribo-shard-00-02.u9tuy.mongodb.net:27017] Opened connection [connectionId{localValue:6, serverValue:206125}] to appribo-shard-00-02.u9tuy.mongodb.net:27017
2020-12-14 01:01:26,403 INFO c.m.d.l.SLF4JLogger [cluster-ClusterId{value='5fd66c0d65b8c11e0e53c98e', description='null'}-appribo-shard-00-00.u9tuy.mongodb.net:27017] Opened connection [connectionId{localValue:1, serverValue:206420}] to appribo-shard-00-00.u9tuy.mongodb.net:27017
2020-12-14 01:01:26,403 INFO c.m.d.l.SLF4JLogger [cluster-rtt-ClusterId{value='5fd66c0d65b8c11e0e53c98e', description='null'}-appribo-shard-00-00.u9tuy.mongodb.net:27017] Opened connection [connectionId{localValue:2, serverValue:206420}] to appribo-shard-00-00.u9tuy.mongodb.net:27017
2020-12-14 01:01:26,403 INFO c.m.d.l.SLF4JLogger [cluster-ClusterId{value='5fd66c0d65b8c11e0e53c98e', description='null'}-appribo-shard-00-01.u9tuy.mongodb.net:27017] Opened connection [connectionId{localValue:3, serverValue:262985}] to appribo-shard-00-01.u9tuy.mongodb.net:27017
2020-12-14 01:01:26,406 INFO c.m.d.l.SLF4JLogger [cluster-ClusterId{value='5fd66c0d65b8c11e0e53c98e', description='null'}-appribo-shard-00-02.u9tuy.mongodb.net:27017] Monitor thread successfully connected to server with description ServerDescription{address=appribo-shard-00-02.u9tuy.mongodb.net:27017, type=REPLICA_SET_SECONDARY, state=CONNECTED, ok=true, minWireVersion=0, maxWireVersion=8, maxDocumentSize=16777216, logicalSessionTimeoutMinutes=30, roundTripTimeNanos=373961000, setName='atlas-bfkess-shard-0', canonicalAddress=appribo-shard-00-02.u9tuy.mongodb.net:27017, hosts=[appribo-shard-00-00.u9tuy.mongodb.net:27017, appribo-shard-00-01.u9tuy.mongodb.net:27017, appribo-shard-00-02.u9tuy.mongodb.net:27017], passives=[], arbiters=[], primary='appribo-shard-00-01.u9tuy.mongodb.net:27017', tagSet=TagSet{[Tag{name='nodeType', value='ELECTABLE'}, Tag{name='provider', value='AWS'}, Tag{name='region', value='AP_SOUTH_1'}, Tag{name='workloadType', value='OPERATIONAL'}]}, electionId=null, setVersion=1, topologyVersion=null, lastWriteDate=Mon Dec 14 01:01:38 IST 2020, lastUpdateTimeNanos=46374452804800}
2020-12-14 01:01:26,406 INFO c.m.d.l.SLF4JLogger [cluster-ClusterId{value='5fd66c0d65b8c11e0e53c98e', description='null'}-appribo-shard-00-00.u9tuy.mongodb.net:27017] Monitor thread successfully connected to server with description ServerDescription{address=appribo-shard-00-00.u9tuy.mongodb.net:27017, type=REPLICA_SET_SECONDARY, state=CONNECTED, ok=true, minWireVersion=0, maxWireVersion=8, maxDocumentSize=16777216, logicalSessionTimeoutMinutes=30, roundTripTimeNanos=374786000, setName='atlas-bfkess-shard-0', canonicalAddress=appribo-shard-00-00.u9tuy.mongodb.net:27017, hosts=[appribo-shard-00-00.u9tuy.mongodb.net:27017, appribo-shard-00-01.u9tuy.mongodb.net:27017, appribo-shard-00-02.u9tuy.mongodb.net:27017], passives=[], arbiters=[], primary='appribo-shard-00-01.u9tuy.mongodb.net:27017', tagSet=TagSet{[Tag{name='nodeType', value='ELECTABLE'}, Tag{name='provider', value='AWS'}, Tag{name='region', value='AP_SOUTH_1'}, Tag{name='workloadType', value='OPERATIONAL'}]}, electionId=null, setVersion=1, topologyVersion=null, lastWriteDate=Mon Dec 14 01:01:38 IST 2020, lastUpdateTimeNanos=46374453276800}
2020-12-14 01:01:26,406 INFO c.m.d.l.SLF4JLogger [cluster-ClusterId{value='5fd66c0d65b8c11e0e53c98e', description='null'}-appribo-shard-00-01.u9tuy.mongodb.net:27017] Monitor thread successfully connected to server with description ServerDescription{address=appribo-shard-00-01.u9tuy.mongodb.net:27017, type=REPLICA_SET_PRIMARY, state=CONNECTED, ok=true, minWireVersion=0, maxWireVersion=8, maxDocumentSize=16777216, logicalSessionTimeoutMinutes=30, roundTripTimeNanos=376348300, setName='atlas-bfkess-shard-0', canonicalAddress=appribo-shard-00-01.u9tuy.mongodb.net:27017, hosts=[appribo-shard-00-00.u9tuy.mongodb.net:27017, appribo-shard-00-01.u9tuy.mongodb.net:27017, appribo-shard-00-02.u9tuy.mongodb.net:27017], passives=[], arbiters=[], primary='appribo-shard-00-01.u9tuy.mongodb.net:27017', tagSet=TagSet{[Tag{name='nodeType', value='ELECTABLE'}, Tag{name='provider', value='AWS'}, Tag{name='region', value='AP_SOUTH_1'}, Tag{name='workloadType', value='OPERATIONAL'}]}, electionId=7fffffff000000000000000c, setVersion=1, topologyVersion=null, lastWriteDate=Mon Dec 14 01:01:38 IST 2020, lastUpdateTimeNanos=46374454124300}
2020-12-14 01:01:26,410 INFO c.m.d.l.SLF4JLogger [cluster-ClusterId{value='5fd66c0d65b8c11e0e53c98e', description='null'}-appribo-shard-00-01.u9tuy.mongodb.net:27017] Setting max election id to 7fffffff000000000000000c from replica set primary appribo-shard-00-01.u9tuy.mongodb.net:27017
2020-12-14 01:01:26,411 INFO c.m.d.l.SLF4JLogger [cluster-ClusterId{value='5fd66c0d65b8c11e0e53c98e', description='null'}-appribo-shard-00-01.u9tuy.mongodb.net:27017] Setting max set version to 1 from replica set primary appribo-shard-00-01.u9tuy.mongodb.net:27017
2020-12-14 01:01:26,412 INFO c.m.d.l.SLF4JLogger [cluster-ClusterId{value='5fd66c0d65b8c11e0e53c98e', description='null'}-appribo-shard-00-01.u9tuy.mongodb.net:27017] Discovered replica set primary appribo-shard-00-01.u9tuy.mongodb.net:27017
2020-12-14 01:01:26,637 INFO o.s.s.c.ExecutorConfigurationSupport [restartedMain] Initializing ExecutorService 'applicationTaskExecutor'
2020-12-14 01:01:26,881 INFO o.a.j.l.DirectJDKLog [restartedMain] Starting ProtocolHandler ["http-nio-8085"]
2020-12-14 01:01:26,929 INFO o.s.b.w.e.t.TomcatWebServer [restartedMain] Tomcat started on port(s): 8085 (http) with context path ''
2020-12-14 01:01:26,954 INFO o.s.b.StartupInfoLogger [restartedMain] Started CompxApplication in 4.243 seconds (JVM running for 6.26)
2020-12-14 01:02:21,897 INFO o.a.j.l.DirectJDKLog [http-nio-8085-exec-1] Initializing Spring DispatcherServlet 'dispatcherServlet'
2020-12-14 01:02:21,898 INFO o.s.w.s.FrameworkServlet [http-nio-8085-exec-1] Initializing Servlet 'dispatcherServlet'
2020-12-14 01:02:21,899 INFO o.s.w.s.FrameworkServlet [http-nio-8085-exec-1] Completed initialization in 1 ms
2020-12-14 01:02:21,971 INFO c.c.c.FileImportController [http-nio-8085-exec-1] FileName:employee.csv
2020-12-14 01:02:22,331 INFO c.m.d.l.SLF4JLogger [http-nio-8085-exec-1] Opened connection [connectionId{localValue:7, serverValue:263207}] to appribo-shard-00-01.u9tuy.mongodb.net:27017
2020-12-14 01:03:36,047 INFO o.s.s.c.ExecutorConfigurationSupport [Thread-4] Shutting down ExecutorService 'applicationTaskExecutor'
2020-12-14 01:03:36,091 INFO c.m.d.l.SLF4JLogger [Thread-4] Closed connection [connectionId{localValue:7, serverValue:263207}] to appribo-shard-00-01.u9tuy.mongodb.net:27017 because the pool has been closed.
2020-12-14 01:03:37,899 INFO o.s.b.StartupInfoLogger [restartedMain] Starting CompxApplication using Java 14.0.2 on LAPTOP-B43C7EAM with PID 15720 (G:\workspace\Compx\target\classes started by Pramoth in G:\workspace\Compx)
2020-12-14 01:03:37,900 DEBUG o.s.b.StartupInfoLogger [restartedMain] Running with Spring Boot v2.4.0, Spring v5.3.1
2020-12-14 01:03:37,901 INFO o.s.b.SpringApplication [restartedMain] No active profile set, falling back to default profiles: default
2020-12-14 01:03:38,296 INFO o.s.d.r.c.RepositoryConfigurationDelegate [restartedMain] Bootstrapping Spring Data MongoDB repositories in DEFAULT mode.
2020-12-14 01:03:38,308 INFO o.s.d.r.c.RepositoryConfigurationDelegate [restartedMain] Finished Spring Data repository scanning in 11 ms. Found 2 MongoDB repository interfaces.
2020-12-14 01:03:38,446 INFO o.s.b.w.e.t.TomcatWebServer [restartedMain] Tomcat initialized with port(s): 8085 (http)
2020-12-14 01:03:38,448 INFO o.a.j.l.DirectJDKLog [restartedMain] Initializing ProtocolHandler ["http-nio-8085"]
2020-12-14 01:03:38,449 INFO o.a.j.l.DirectJDKLog [restartedMain] Starting service [Tomcat]
2020-12-14 01:03:38,451 INFO o.a.j.l.DirectJDKLog [restartedMain] Starting Servlet engine: [Apache Tomcat/9.0.39]
2020-12-14 01:03:38,574 INFO o.a.j.l.DirectJDKLog [restartedMain] Initializing Spring embedded WebApplicationContext
2020-12-14 01:03:38,574 INFO o.s.b.w.s.c.ServletWebServerApplicationContext [restartedMain] Root WebApplicationContext: initialization completed in 668 ms
2020-12-14 01:03:38,647 INFO c.m.d.l.SLF4JLogger [restartedMain] Cluster created with settings {hosts=[appribo-shard-00-00.u9tuy.mongodb.net:27017, appribo-shard-00-01.u9tuy.mongodb.net:27017, appribo-shard-00-02.u9tuy.mongodb.net:27017], mode=MULTIPLE, requiredClusterType=REPLICA_SET, serverSelectionTimeout='30000 ms', requiredReplicaSetName='atlas-bfkess-shard-0'}
2020-12-14 01:03:38,648 INFO c.m.d.l.SLF4JLogger [restartedMain] Adding discovered server appribo-shard-00-00.u9tuy.mongodb.net:27017 to client view of cluster
2020-12-14 01:03:38,654 INFO c.m.d.l.SLF4JLogger [restartedMain] Adding discovered server appribo-shard-00-01.u9tuy.mongodb.net:27017 to client view of cluster
2020-12-14 01:03:38,664 INFO c.m.d.l.SLF4JLogger [restartedMain] Adding discovered server appribo-shard-00-02.u9tuy.mongodb.net:27017 to client view of cluster
2020-12-14 01:03:38,728 INFO o.s.b.d.a.OptionalLiveReloadServer [restartedMain] LiveReload server is running on port 35729
2020-12-14 01:03:38,844 INFO c.m.d.l.SLF4JLogger [cluster-ClusterId{value='5fd66c9265b8c11e0e53c991', description='null'}-appribo-shard-00-00.u9tuy.mongodb.net:27017] Opened connection [connectionId{localValue:8, serverValue:206420}] to appribo-shard-00-00.u9tuy.mongodb.net:27017
2020-12-14 01:03:38,845 INFO c.m.d.l.SLF4JLogger [cluster-ClusterId{value='5fd66c9265b8c11e0e53c991', description='null'}-appribo-shard-00-00.u9tuy.mongodb.net:27017] Monitor thread successfully connected to server with description ServerDescription{address=appribo-shard-00-00.u9tuy.mongodb.net:27017, type=REPLICA_SET_SECONDARY, state=CONNECTED, ok=true, minWireVersion=0, maxWireVersion=8, maxDocumentSize=16777216, logicalSessionTimeoutMinutes=30, roundTripTimeNanos=123098300, setName='atlas-bfkess-shard-0', canonicalAddress=appribo-shard-00-00.u9tuy.mongodb.net:27017, hosts=[appribo-shard-00-00.u9tuy.mongodb.net:27017, appribo-shard-00-01.u9tuy.mongodb.net:27017, appribo-shard-00-02.u9tuy.mongodb.net:27017], passives=[], arbiters=[], primary='appribo-shard-00-01.u9tuy.mongodb.net:27017', tagSet=TagSet{[Tag{name='nodeType', value='ELECTABLE'}, Tag{name='provider', value='AWS'}, Tag{name='region', value='AP_SOUTH_1'}, Tag{name='workloadType', value='OPERATIONAL'}]}, electionId=null, setVersion=1, topologyVersion=null, lastWriteDate=Mon Dec 14 01:03:59 IST 2020, lastUpdateTimeNanos=46506896612200}
2020-12-14 01:03:38,850 INFO c.m.d.l.SLF4JLogger [cluster-ClusterId{value='5fd66c9265b8c11e0e53c991', description='null'}-appribo-shard-00-01.u9tuy.mongodb.net:27017] Opened connection [connectionId{localValue:12, serverValue:262716}] to appribo-shard-00-01.u9tuy.mongodb.net:27017
2020-12-14 01:03:38,853 INFO c.m.d.l.SLF4JLogger [cluster-ClusterId{value='5fd66c9265b8c11e0e53c991', description='null'}-appribo-shard-00-01.u9tuy.mongodb.net:27017] Monitor thread successfully connected to server with description ServerDescription{address=appribo-shard-00-01.u9tuy.mongodb.net:27017, type=REPLICA_SET_PRIMARY, state=CONNECTED, ok=true, minWireVersion=0, maxWireVersion=8, maxDocumentSize=16777216, logicalSessionTimeoutMinutes=30, roundTripTimeNanos=119331900, setName='atlas-bfkess-shard-0', canonicalAddress=appribo-shard-00-01.u9tuy.mongodb.net:27017, hosts=[appribo-shard-00-00.u9tuy.mongodb.net:27017, appribo-shard-00-01.u9tuy.mongodb.net:27017, appribo-shard-00-02.u9tuy.mongodb.net:27017], passives=[], arbiters=[], primary='appribo-shard-00-01.u9tuy.mongodb.net:27017', tagSet=TagSet{[Tag{name='nodeType', value='ELECTABLE'}, Tag{name='provider', value='AWS'}, Tag{name='region', value='AP_SOUTH_1'}, Tag{name='workloadType', value='OPERATIONAL'}]}, electionId=7fffffff000000000000000c, setVersion=1, topologyVersion=null, lastWriteDate=Mon Dec 14 01:03:59 IST 2020, lastUpdateTimeNanos=46506902395100}
2020-12-14 01:03:38,854 INFO c.m.d.l.SLF4JLogger [cluster-ClusterId{value='5fd66c9265b8c11e0e53c991', description='null'}-appribo-shard-00-01.u9tuy.mongodb.net:27017] Setting max election id to 7fffffff000000000000000c from replica set primary appribo-shard-00-01.u9tuy.mongodb.net:27017
2020-12-14 01:03:38,855 INFO c.m.d.l.SLF4JLogger [cluster-ClusterId{value='5fd66c9265b8c11e0e53c991', description='null'}-appribo-shard-00-01.u9tuy.mongodb.net:27017] Setting max set version to 1 from replica set primary appribo-shard-00-01.u9tuy.mongodb.net:27017
2020-12-14 01:03:38,855 INFO c.m.d.l.SLF4JLogger [cluster-ClusterId{value='5fd66c9265b8c11e0e53c991', description='null'}-appribo-shard-00-01.u9tuy.mongodb.net:27017] Discovered replica set primary appribo-shard-00-01.u9tuy.mongodb.net:27017
2020-12-14 01:03:38,861 INFO c.m.d.l.SLF4JLogger [cluster-rtt-ClusterId{value='5fd66c9265b8c11e0e53c991', description='null'}-appribo-shard-00-00.u9tuy.mongodb.net:27017] Opened connection [connectionId{localValue:9, serverValue:206420}] to appribo-shard-00-00.u9tuy.mongodb.net:27017
2020-12-14 01:03:38,874 INFO c.m.d.l.SLF4JLogger [cluster-rtt-ClusterId{value='5fd66c9265b8c11e0e53c991', description='null'}-appribo-shard-00-01.u9tuy.mongodb.net:27017] Opened connection [connectionId{localValue:10, serverValue:262716}] to appribo-shard-00-01.u9tuy.mongodb.net:27017
2020-12-14 01:03:38,881 INFO c.m.d.l.SLF4JLogger [cluster-ClusterId{value='5fd66c9265b8c11e0e53c991', description='null'}-appribo-shard-00-02.u9tuy.mongodb.net:27017] Opened connection [connectionId{localValue:11, serverValue:206125}] to appribo-shard-00-02.u9tuy.mongodb.net:27017
2020-12-14 01:03:38,881 INFO c.m.d.l.SLF4JLogger [cluster-ClusterId{value='5fd66c9265b8c11e0e53c991', description='null'}-appribo-shard-00-02.u9tuy.mongodb.net:27017] Monitor thread successfully connected to server with description ServerDescription{address=appribo-shard-00-02.u9tuy.mongodb.net:27017, type=REPLICA_SET_SECONDARY, state=CONNECTED, ok=true, minWireVersion=0, maxWireVersion=8, maxDocumentSize=16777216, logicalSessionTimeoutMinutes=30, roundTripTimeNanos=130527800, setName='atlas-bfkess-shard-0', canonicalAddress=appribo-shard-00-02.u9tuy.mongodb.net:27017, hosts=[appribo-shard-00-00.u9tuy.mongodb.net:27017, appribo-shard-00-01.u9tuy.mongodb.net:27017, appribo-shard-00-02.u9tuy.mongodb.net:27017], passives=[], arbiters=[], primary='appribo-shard-00-01.u9tuy.mongodb.net:27017', tagSet=TagSet{[Tag{name='nodeType', value='ELECTABLE'}, Tag{name='provider', value='AWS'}, Tag{name='region', value='AP_SOUTH_1'}, Tag{name='workloadType', value='OPERATIONAL'}]}, electionId=null, setVersion=1, topologyVersion=null, lastWriteDate=Mon Dec 14 01:03:59 IST 2020, lastUpdateTimeNanos=46506932782400}
2020-12-14 01:03:38,913 INFO c.m.d.l.SLF4JLogger [cluster-rtt-ClusterId{value='5fd66c9265b8c11e0e53c991', description='null'}-appribo-shard-00-02.u9tuy.mongodb.net:27017] Opened connection [connectionId{localValue:13, serverValue:206125}] to appribo-shard-00-02.u9tuy.mongodb.net:27017
2020-12-14 01:03:38,979 INFO o.s.s.c.ExecutorConfigurationSupport [restartedMain] Initializing ExecutorService 'applicationTaskExecutor'
2020-12-14 01:03:39,078 INFO o.a.j.l.DirectJDKLog [restartedMain] Starting ProtocolHandler ["http-nio-8085"]
2020-12-14 01:03:39,107 INFO o.s.b.w.e.t.TomcatWebServer [restartedMain] Tomcat started on port(s): 8085 (http) with context path ''
2020-12-14 01:03:39,120 INFO o.s.b.StartupInfoLogger [restartedMain] Started CompxApplication in 1.349 seconds (JVM running for 138.426)
2020-12-14 01:03:39,124 INFO o.s.b.d.a.ConditionEvaluationDeltaLoggingListener [restartedMain] Condition evaluation unchanged
2020-12-14 01:04:00,400 INFO o.a.j.l.DirectJDKLog [http-nio-8085-exec-1] Initializing Spring DispatcherServlet 'dispatcherServlet'
2020-12-14 01:04:00,400 INFO o.s.w.s.FrameworkServlet [http-nio-8085-exec-1] Initializing Servlet 'dispatcherServlet'
2020-12-14 01:04:00,402 INFO o.s.w.s.FrameworkServlet [http-nio-8085-exec-1] Completed initialization in 2 ms
2020-12-14 01:04:00,655 INFO c.m.d.l.SLF4JLogger [http-nio-8085-exec-1] Opened connection [connectionId{localValue:14, serverValue:263207}] to appribo-shard-00-01.u9tuy.mongodb.net:27017
2020-12-14 01:20:07,599 INFO c.c.c.FileImportController [http-nio-8085-exec-3] FileName:employee.csv
2020-12-14 01:28:11,482 INFO o.s.s.c.ExecutorConfigurationSupport [Thread-8] Shutting down ExecutorService 'applicationTaskExecutor'
2020-12-14 01:28:12,305 INFO c.m.d.l.SLF4JLogger [Thread-8] Closed connection [connectionId{localValue:14, serverValue:263207}] to appribo-shard-00-01.u9tuy.mongodb.net:27017 because the pool has been closed.
2020-12-14 01:28:27,249 INFO o.s.b.StartupInfoLogger [restartedMain] Starting CompxApplication using Java 14.0.2 on LAPTOP-B43C7EAM with PID 15720 (G:\workspace\Compx\target\classes started by Pramoth in G:\workspace\Compx)
2020-12-14 01:28:27,251 DEBUG o.s.b.StartupInfoLogger [restartedMain] Running with Spring Boot v2.4.0, Spring v5.3.1
2020-12-14 01:28:27,252 INFO o.s.b.SpringApplication [restartedMain] No active profile set, falling back to default profiles: default
2020-12-14 01:28:31,127 INFO o.s.d.r.c.RepositoryConfigurationDelegate [restartedMain] Bootstrapping Spring Data MongoDB repositories in DEFAULT mode.
2020-12-14 01:28:31,223 INFO o.s.d.r.c.RepositoryConfigurationDelegate [restartedMain] Finished Spring Data repository scanning in 94 ms. Found 2 MongoDB repository interfaces.
2020-12-14 01:28:34,036 INFO o.s.b.w.e.t.TomcatWebServer [restartedMain] Tomcat initialized with port(s): 8085 (http)
2020-12-14 01:28:34,080 INFO o.a.j.l.DirectJDKLog [restartedMain] Initializing ProtocolHandler ["http-nio-8085"]
2020-12-14 01:28:34,081 INFO o.a.j.l.DirectJDKLog [restartedMain] Starting service [Tomcat]
2020-12-14 01:28:34,082 INFO o.a.j.l.DirectJDKLog [restartedMain] Starting Servlet engine: [Apache Tomcat/9.0.39]
2020-12-14 01:28:34,242 INFO o.a.j.l.DirectJDKLog [restartedMain] Initializing Spring embedded WebApplicationContext
2020-12-14 01:28:34,243 INFO o.s.b.w.s.c.ServletWebServerApplicationContext [restartedMain] Root WebApplicationContext: initialization completed in 6985 ms
2020-12-14 01:28:36,316 INFO c.m.d.l.SLF4JLogger [restartedMain] Cluster created with settings {hosts=[appribo-shard-00-00.u9tuy.mongodb.net:27017, appribo-shard-00-01.u9tuy.mongodb.net:27017, appribo-shard-00-02.u9tuy.mongodb.net:27017], mode=MULTIPLE, requiredClusterType=REPLICA_SET, serverSelectionTimeout='30000 ms', requiredReplicaSetName='atlas-bfkess-shard-0'}
2020-12-14 01:28:36,317 INFO c.m.d.l.SLF4JLogger [restartedMain] Adding discovered server appribo-shard-00-00.u9tuy.mongodb.net:27017 to client view of cluster
2020-12-14 01:28:36,322 INFO c.m.d.l.SLF4JLogger [restartedMain] Adding discovered server appribo-shard-00-01.u9tuy.mongodb.net:27017 to client view of cluster
2020-12-14 01:28:36,325 INFO c.m.d.l.SLF4JLogger [restartedMain] Adding discovered server appribo-shard-00-02.u9tuy.mongodb.net:27017 to client view of cluster
2020-12-14 01:28:36,504 INFO c.m.d.l.SLF4JLogger [cluster-ClusterId{value='5fd6726c65b8c11e0e53c994', description='null'}-appribo-shard-00-00.u9tuy.mongodb.net:27017] Opened connection [connectionId{localValue:16, serverValue:206937}] to appribo-shard-00-00.u9tuy.mongodb.net:27017
2020-12-14 01:28:36,505 INFO c.m.d.l.SLF4JLogger [cluster-ClusterId{value='5fd6726c65b8c11e0e53c994', description='null'}-appribo-shard-00-00.u9tuy.mongodb.net:27017] Monitor thread successfully connected to server with description ServerDescription{address=appribo-shard-00-00.u9tuy.mongodb.net:27017, type=REPLICA_SET_SECONDARY, state=CONNECTED, ok=true, minWireVersion=0, maxWireVersion=8, maxDocumentSize=16777216, logicalSessionTimeoutMinutes=30, roundTripTimeNanos=89483800, setName='atlas-bfkess-shard-0', canonicalAddress=appribo-shard-00-00.u9tuy.mongodb.net:27017, hosts=[appribo-shard-00-00.u9tuy.mongodb.net:27017, appribo-shard-00-01.u9tuy.mongodb.net:27017, appribo-shard-00-02.u9tuy.mongodb.net:27017], passives=[], arbiters=[], primary='appribo-shard-00-01.u9tuy.mongodb.net:27017', tagSet=TagSet{[Tag{name='nodeType', value='ELECTABLE'}, Tag{name='provider', value='AWS'}, Tag{name='region', value='AP_SOUTH_1'}, Tag{name='workloadType', value='OPERATIONAL'}]}, electionId=null, setVersion=1, topologyVersion=null, lastWriteDate=Mon Dec 14 01:28:54 IST 2020, lastUpdateTimeNanos=48004555927700}
2020-12-14 01:28:36,509 INFO c.m.d.l.SLF4JLogger [cluster-ClusterId{value='5fd6726c65b8c11e0e53c994', description='null'}-appribo-shard-00-01.u9tuy.mongodb.net:27017] Opened connection [connectionId{localValue:17, serverValue:263683}] to appribo-shard-00-01.u9tuy.mongodb.net:27017
2020-12-14 01:28:36,510 INFO c.m.d.l.SLF4JLogger [cluster-ClusterId{value='5fd6726c65b8c11e0e53c994', description='null'}-appribo-shard-00-01.u9tuy.mongodb.net:27017] Monitor thread successfully connected to server with description ServerDescription{address=appribo-shard-00-01.u9tuy.mongodb.net:27017, type=REPLICA_SET_PRIMARY, state=CONNECTED, ok=true, minWireVersion=0, maxWireVersion=8, maxDocumentSize=16777216, logicalSessionTimeoutMinutes=30, roundTripTimeNanos=89309300, setName='atlas-bfkess-shard-0', canonicalAddress=appribo-shard-00-01.u9tuy.mongodb.net:27017, hosts=[appribo-shard-00-00.u9tuy.mongodb.net:27017, appribo-shard-00-01.u9tuy.mongodb.net:27017, appribo-shard-00-02.u9tuy.mongodb.net:27017], passives=[], arbiters=[], primary='appribo-shard-00-01.u9tuy.mongodb.net:27017', tagSet=TagSet{[Tag{name='nodeType', value='ELECTABLE'}, Tag{name='provider', value='AWS'}, Tag{name='region', value='AP_SOUTH_1'}, Tag{name='workloadType', value='OPERATIONAL'}]}, electionId=7fffffff000000000000000c, setVersion=1, topologyVersion=null, lastWriteDate=Mon Dec 14 01:28:54 IST 2020, lastUpdateTimeNanos=48004561059300}
2020-12-14 01:28:36,528 INFO c.m.d.l.SLF4JLogger [cluster-ClusterId{value='5fd6726c65b8c11e0e53c994', description='null'}-appribo-shard-00-02.u9tuy.mongodb.net:27017] Opened connection [connectionId{localValue:20, serverValue:206646}] to appribo-shard-00-02.u9tuy.mongodb.net:27017
2020-12-14 01:28:36,529 INFO c.m.d.l.SLF4JLogger [cluster-ClusterId{value='5fd6726c65b8c11e0e53c994', description='null'}-appribo-shard-00-02.u9tuy.mongodb.net:27017] Monitor thread successfully connected to server with description ServerDescription{address=appribo-shard-00-02.u9tuy.mongodb.net:27017, type=REPLICA_SET_SECONDARY, state=CONNECTED, ok=true, minWireVersion=0, maxWireVersion=8, maxDocumentSize=16777216, logicalSessionTimeoutMinutes=30, roundTripTimeNanos=91486100, setName='atlas-bfkess-shard-0', canonicalAddress=appribo-shard-00-02.u9tuy.mongodb.net:27017, hosts=[appribo-shard-00-00.u9tuy.mongodb.net:27017, appribo-shard-00-01.u9tuy.mongodb.net:27017, appribo-shard-00-02.u9tuy.mongodb.net:27017], passives=[], arbiters=[], primary='appribo-shard-00-01.u9tuy.mongodb.net:27017', tagSet=TagSet{[Tag{name='nodeType', value='ELECTABLE'}, Tag{name='provider', value='AWS'}, Tag{name='region', value='AP_SOUTH_1'}, Tag{name='workloadType', value='OPERATIONAL'}]}, electionId=null, setVersion=1, topologyVersion=null, lastWriteDate=Mon Dec 14 01:28:54 IST 2020, lastUpdateTimeNanos=48004580185600}
2020-12-14 01:28:36,535 INFO c.m.d.l.SLF4JLogger [cluster-ClusterId{value='5fd6726c65b8c11e0e53c994', description='null'}-appribo-shard-00-01.u9tuy.mongodb.net:27017] Setting max election id to 7fffffff000000000000000c from replica set primary appribo-shard-00-01.u9tuy.mongodb.net:27017
2020-12-14 01:28:36,536 INFO c.m.d.l.SLF4JLogger [cluster-ClusterId{value='5fd6726c65b8c11e0e53c994', description='null'}-appribo-shard-00-01.u9tuy.mongodb.net:27017] Setting max set version to 1 from replica set primary appribo-shard-00-01.u9tuy.mongodb.net:27017
2020-12-14 01:28:36,536 INFO c.m.d.l.SLF4JLogger [cluster-ClusterId{value='5fd6726c65b8c11e0e53c994', description='null'}-appribo-shard-00-01.u9tuy.mongodb.net:27017] Discovered replica set primary appribo-shard-00-01.u9tuy.mongodb.net:27017
2020-12-14 01:28:36,617 INFO c.m.d.l.SLF4JLogger [cluster-rtt-ClusterId{value='5fd6726c65b8c11e0e53c994', description='null'}-appribo-shard-00-00.u9tuy.mongodb.net:27017] Opened connection [connectionId{localValue:15, serverValue:206937}] to appribo-shard-00-00.u9tuy.mongodb.net:27017
2020-12-14 01:28:36,618 INFO c.m.d.l.SLF4JLogger [cluster-rtt-ClusterId{value='5fd6726c65b8c11e0e53c994', description='null'}-appribo-shard-00-02.u9tuy.mongodb.net:27017] Opened connection [connectionId{localValue:19, serverValue:206646}] to appribo-shard-00-02.u9tuy.mongodb.net:27017
2020-12-14 01:28:36,618 INFO c.m.d.l.SLF4JLogger [cluster-rtt-ClusterId{value='5fd6726c65b8c11e0e53c994', description='null'}-appribo-shard-00-01.u9tuy.mongodb.net:27017] Opened connection [connectionId{localValue:18, serverValue:263683}] to appribo-shard-00-01.u9tuy.mongodb.net:27017
2020-12-14 01:28:36,760 INFO o.s.b.d.a.OptionalLiveReloadServer [restartedMain] LiveReload server is running on port 35729
2020-12-14 01:28:37,408 INFO o.s.s.c.ExecutorConfigurationSupport [restartedMain] Initializing ExecutorService 'applicationTaskExecutor'
2020-12-14 01:28:38,507 INFO o.a.j.l.DirectJDKLog [restartedMain] Starting ProtocolHandler ["http-nio-8085"]
2020-12-14 01:28:38,553 INFO o.s.b.w.e.t.TomcatWebServer [restartedMain] Tomcat started on port(s): 8085 (http) with context path ''
2020-12-14 01:28:38,558 INFO o.s.b.StartupInfoLogger [restartedMain] Started CompxApplication in 14.844 seconds (JVM running for 1637.863)
2020-12-14 01:28:38,560 INFO o.s.b.d.a.ConditionEvaluationDeltaLoggingListener [restartedMain] Condition evaluation unchanged
2020-12-14 01:28:39,744 INFO o.s.s.c.ExecutorConfigurationSupport [Thread-13] Shutting down ExecutorService 'applicationTaskExecutor'
2020-12-14 01:28:41,636 INFO o.s.b.StartupInfoLogger [restartedMain] Starting CompxApplication using Java 14.0.2 on LAPTOP-B43C7EAM with PID 15720 (G:\workspace\Compx\target\classes started by Pramoth in G:\workspace\Compx)
2020-12-14 01:28:41,637 DEBUG o.s.b.StartupInfoLogger [restartedMain] Running with Spring Boot v2.4.0, Spring v5.3.1
2020-12-14 01:28:41,638 INFO o.s.b.SpringApplication [restartedMain] No active profile set, falling back to default profiles: default
2020-12-14 01:28:42,678 INFO o.s.d.r.c.RepositoryConfigurationDelegate [restartedMain] Bootstrapping Spring Data MongoDB repositories in DEFAULT mode.
2020-12-14 01:28:42,691 INFO o.s.d.r.c.RepositoryConfigurationDelegate [restartedMain] Finished Spring Data repository scanning in 12 ms. Found 2 MongoDB repository interfaces.
2020-12-14 01:28:44,239 INFO o.s.b.w.e.t.TomcatWebServer [restartedMain] Tomcat initialized with port(s): 8085 (http)
2020-12-14 01:28:44,241 INFO o.a.j.l.DirectJDKLog [restartedMain] Initializing ProtocolHandler ["http-nio-8085"]
2020-12-14 01:28:44,242 INFO o.a.j.l.DirectJDKLog [restartedMain] Starting service [Tomcat]
2020-12-14 01:28:44,243 INFO o.a.j.l.DirectJDKLog [restartedMain] Starting Servlet engine: [Apache Tomcat/9.0.39]
2020-12-14 01:28:44,507 INFO o.a.j.l.DirectJDKLog [restartedMain] Initializing Spring embedded WebApplicationContext
2020-12-14 01:28:44,507 INFO o.s.b.w.s.c.ServletWebServerApplicationContext [restartedMain] Root WebApplicationContext: initialization completed in 2865 ms
2020-12-14 01:28:44,543 INFO c.m.d.l.SLF4JLogger [restartedMain] Cluster created with settings {hosts=[appribo-shard-00-00.u9tuy.mongodb.net:27017, appribo-shard-00-01.u9tuy.mongodb.net:27017, appribo-shard-00-02.u9tuy.mongodb.net:27017], mode=MULTIPLE, requiredClusterType=REPLICA_SET, serverSelectionTimeout='30000 ms', requiredReplicaSetName='atlas-bfkess-shard-0'}
2020-12-14 01:28:44,543 INFO c.m.d.l.SLF4JLogger [restartedMain] Adding discovered server appribo-shard-00-00.u9tuy.mongodb.net:27017 to client view of cluster
2020-12-14 01:28:44,547 INFO c.m.d.l.SLF4JLogger [restartedMain] Adding discovered server appribo-shard-00-01.u9tuy.mongodb.net:27017 to client view of cluster
2020-12-14 01:28:44,548 INFO c.m.d.l.SLF4JLogger [restartedMain] Adding discovered server appribo-shard-00-02.u9tuy.mongodb.net:27017 to client view of cluster
2020-12-14 01:28:44,575 INFO o.s.b.d.a.OptionalLiveReloadServer [restartedMain] LiveReload server is running on port 35729
2020-12-14 01:28:46,922 INFO c.m.d.l.SLF4JLogger [cluster-ClusterId{value='5fd6727465b8c11e0e53c995', description='null'}-appribo-shard-00-00.u9tuy.mongodb.net:27017] Opened connection [connectionId{localValue:22, serverValue:206931}] to appribo-shard-00-00.u9tuy.mongodb.net:27017
2020-12-14 01:28:46,923 INFO c.m.d.l.SLF4JLogger [cluster-ClusterId{value='5fd6727465b8c11e0e53c995', description='null'}-appribo-shard-00-00.u9tuy.mongodb.net:27017] Monitor thread successfully connected to server with description ServerDescription{address=appribo-shard-00-00.u9tuy.mongodb.net:27017, type=REPLICA_SET_SECONDARY, state=CONNECTED, ok=true, minWireVersion=0, maxWireVersion=8, maxDocumentSize=16777216, logicalSessionTimeoutMinutes=30, roundTripTimeNanos=2346262500, setName='atlas-bfkess-shard-0', canonicalAddress=appribo-shard-00-00.u9tuy.mongodb.net:27017, hosts=[appribo-shard-00-00.u9tuy.mongodb.net:27017, appribo-shard-00-01.u9tuy.mongodb.net:27017, appribo-shard-00-02.u9tuy.mongodb.net:27017], passives=[], arbiters=[], primary='appribo-shard-00-01.u9tuy.mongodb.net:27017', tagSet=TagSet{[Tag{name='nodeType', value='ELECTABLE'}, Tag{name='provider', value='AWS'}, Tag{name='region', value='AP_SOUTH_1'}, Tag{name='workloadType', value='OPERATIONAL'}]}, electionId=null, setVersion=1, topologyVersion=null, lastWriteDate=Mon Dec 14 01:29:05 IST 2020, lastUpdateTimeNanos=48014975147000}
2020-12-14 01:28:46,999 INFO c.m.d.l.SLF4JLogger [cluster-ClusterId{value='5fd6727465b8c11e0e53c995', description='null'}-appribo-shard-00-01.u9tuy.mongodb.net:27017] Opened connection [connectionId{localValue:24, serverValue:263650}] to appribo-shard-00-01.u9tuy.mongodb.net:27017
2020-12-14 01:28:47,000 INFO c.m.d.l.SLF4JLogger [cluster-ClusterId{value='5fd6727465b8c11e0e53c995', description='null'}-appribo-shard-00-01.u9tuy.mongodb.net:27017] Monitor thread successfully connected to server with description ServerDescription{address=appribo-shard-00-01.u9tuy.mongodb.net:27017, type=REPLICA_SET_PRIMARY, state=CONNECTED, ok=true, minWireVersion=0, maxWireVersion=8, maxDocumentSize=16777216, logicalSessionTimeoutMinutes=30, roundTripTimeNanos=2413603200, setName='atlas-bfkess-shard-0', canonicalAddress=appribo-shard-00-01.u9tuy.mongodb.net:27017, hosts=[appribo-shard-00-00.u9tuy.mongodb.net:27017, appribo-shard-00-01.u9tuy.mongodb.net:27017, appribo-shard-00-02.u9tuy.mongodb.net:27017], passives=[], arbiters=[], primary='appribo-shard-00-01.u9tuy.mongodb.net:27017', tagSet=TagSet{[Tag{name='nodeType', value='ELECTABLE'}, Tag{name='provider', value='AWS'}, Tag{name='region', value='AP_SOUTH_1'}, Tag{name='workloadType', value='OPERATIONAL'}]}, electionId=7fffffff000000000000000c, setVersion=1, topologyVersion=null, lastWriteDate=Mon Dec 14 01:29:05 IST 2020, lastUpdateTimeNanos=48015051349100}
2020-12-14 01:28:47,000 INFO c.m.d.l.SLF4JLogger [cluster-ClusterId{value='5fd6727465b8c11e0e53c995', description='null'}-appribo-shard-00-01.u9tuy.mongodb.net:27017] Setting max election id to 7fffffff000000000000000c from replica set primary appribo-shard-00-01.u9tuy.mongodb.net:27017
2020-12-14 01:28:47,001 INFO c.m.d.l.SLF4JLogger [cluster-ClusterId{value='5fd6727465b8c11e0e53c995', description='null'}-appribo-shard-00-01.u9tuy.mongodb.net:27017] Setting max set version to 1 from replica set primary appribo-shard-00-01.u9tuy.mongodb.net:27017
2020-12-14 01:28:47,001 INFO c.m.d.l.SLF4JLogger [cluster-ClusterId{value='5fd6727465b8c11e0e53c995', description='null'}-appribo-shard-00-01.u9tuy.mongodb.net:27017] Discovered replica set primary appribo-shard-00-01.u9tuy.mongodb.net:27017
2020-12-14 01:28:47,004 INFO c.m.d.l.SLF4JLogger [cluster-rtt-ClusterId{value='5fd6727465b8c11e0e53c995', description='null'}-appribo-shard-00-01.u9tuy.mongodb.net:27017] Opened connection [connectionId{localValue:23, serverValue:263650}] to appribo-shard-00-01.u9tuy.mongodb.net:27017
2020-12-14 01:28:47,014 INFO c.m.d.l.SLF4JLogger [cluster-rtt-ClusterId{value='5fd6727465b8c11e0e53c995', description='null'}-appribo-shard-00-00.u9tuy.mongodb.net:27017] Opened connection [connectionId{localValue:21, serverValue:206931}] to appribo-shard-00-00.u9tuy.mongodb.net:27017
2020-12-14 01:28:47,027 INFO c.m.d.l.SLF4JLogger [cluster-rtt-ClusterId{value='5fd6727465b8c11e0e53c995', description='null'}-appribo-shard-00-02.u9tuy.mongodb.net:27017] Opened connection [connectionId{localValue:26, serverValue:206646}] to appribo-shard-00-02.u9tuy.mongodb.net:27017
2020-12-14 01:28:47,140 INFO o.s.s.c.ExecutorConfigurationSupport [restartedMain] Initializing ExecutorService 'applicationTaskExecutor'
2020-12-14 01:28:47,142 INFO c.m.d.l.SLF4JLogger [cluster-ClusterId{value='5fd6727465b8c11e0e53c995', description='null'}-appribo-shard-00-02.u9tuy.mongodb.net:27017] Opened connection [connectionId{localValue:25, serverValue:206646}] to appribo-shard-00-02.u9tuy.mongodb.net:27017
2020-12-14 01:28:47,143 INFO c.m.d.l.SLF4JLogger [cluster-ClusterId{value='5fd6727465b8c11e0e53c995', description='null'}-appribo-shard-00-02.u9tuy.mongodb.net:27017] Monitor thread successfully connected to server with description ServerDescription{address=appribo-shard-00-02.u9tuy.mongodb.net:27017, type=REPLICA_SET_SECONDARY, state=CONNECTED, ok=true, minWireVersion=0, maxWireVersion=8, maxDocumentSize=16777216, logicalSessionTimeoutMinutes=30, roundTripTimeNanos=2545858400, setName='atlas-bfkess-shard-0', canonicalAddress=appribo-shard-00-02.u9tuy.mongodb.net:27017, hosts=[appribo-shard-00-00.u9tuy.mongodb.net:27017, appribo-shard-00-01.u9tuy.mongodb.net:27017, appribo-shard-00-02.u9tuy.mongodb.net:27017], passives=[], arbiters=[], primary='appribo-shard-00-01.u9tuy.mongodb.net:27017', tagSet=TagSet{[Tag{name='nodeType', value='ELECTABLE'}, Tag{name='provider', value='AWS'}, Tag{name='region', value='AP_SOUTH_1'}, Tag{name='workloadType', value='OPERATIONAL'}]}, electionId=null, setVersion=1, topologyVersion=null, lastWriteDate=Mon Dec 14 01:29:05 IST 2020, lastUpdateTimeNanos=48015195045000}
2020-12-14 01:28:47,227 INFO o.a.j.l.DirectJDKLog [restartedMain] Starting ProtocolHandler ["http-nio-8085"]
2020-12-14 01:28:47,296 INFO o.s.b.w.e.t.TomcatWebServer [restartedMain] Tomcat started on port(s): 8085 (http) with context path ''
2020-12-14 01:28:47,306 INFO o.s.b.StartupInfoLogger [restartedMain] Started CompxApplication in 5.765 seconds (JVM running for 1646.611)
2020-12-14 01:28:47,309 INFO o.s.b.d.a.ConditionEvaluationDeltaLoggingListener [restartedMain] Condition evaluation unchanged
2020-12-14 01:29:08,904 INFO o.s.s.c.ExecutorConfigurationSupport [Thread-18] Shutting down ExecutorService 'applicationTaskExecutor'
2020-12-14 01:29:10,234 INFO o.s.b.StartupInfoLogger [restartedMain] Starting CompxApplication using Java 14.0.2 on LAPTOP-B43C7EAM with PID 15720 (G:\workspace\Compx\target\classes started by Pramoth in G:\workspace\Compx)
2020-12-14 01:29:10,235 DEBUG o.s.b.StartupInfoLogger [restartedMain] Running with Spring Boot v2.4.0, Spring v5.3.1
2020-12-14 01:29:10,235 INFO o.s.b.SpringApplication [restartedMain] No active profile set, falling back to default profiles: default
2020-12-14 01:29:10,494 INFO o.s.d.r.c.RepositoryConfigurationDelegate [restartedMain] Bootstrapping Spring Data MongoDB repositories in DEFAULT mode.
2020-12-14 01:29:10,509 INFO o.s.d.r.c.RepositoryConfigurationDelegate [restartedMain] Finished Spring Data repository scanning in 15 ms. Found 2 MongoDB repository interfaces.
2020-12-14 01:29:10,610 INFO o.s.b.w.e.t.TomcatWebServer [restartedMain] Tomcat initialized with port(s): 8085 (http)
2020-12-14 01:29:10,610 INFO o.a.j.l.DirectJDKLog [restartedMain] Initializing ProtocolHandler ["http-nio-8085"]
2020-12-14 01:29:10,611 INFO o.a.j.l.DirectJDKLog [restartedMain] Starting service [Tomcat]
2020-12-14 01:29:10,611 INFO o.a.j.l.DirectJDKLog [restartedMain] Starting Servlet engine: [Apache Tomcat/9.0.39]
2020-12-14 01:29:10,688 INFO o.a.j.l.DirectJDKLog [restartedMain] Initializing Spring embedded WebApplicationContext
2020-12-14 01:29:10,688 INFO o.s.b.w.s.c.ServletWebServerApplicationContext [restartedMain] Root WebApplicationContext: initialization completed in 449 ms
2020-12-14 01:29:10,734 INFO c.m.d.l.SLF4JLogger [restartedMain] Cluster created with settings {hosts=[appribo-shard-00-00.u9tuy.mongodb.net:27017, appribo-shard-00-01.u9tuy.mongodb.net:27017, appribo-shard-00-02.u9tuy.mongodb.net:27017], mode=MULTIPLE, requiredClusterType=REPLICA_SET, serverSelectionTimeout='30000 ms', requiredReplicaSetName='atlas-bfkess-shard-0'}
2020-12-14 01:29:10,735 INFO c.m.d.l.SLF4JLogger [restartedMain] Adding discovered server appribo-shard-00-00.u9tuy.mongodb.net:27017 to client view of cluster
2020-12-14 01:29:10,737 INFO c.m.d.l.SLF4JLogger [restartedMain] Adding discovered server appribo-shard-00-01.u9tuy.mongodb.net:27017 to client view of cluster
2020-12-14 01:29:10,741 INFO c.m.d.l.SLF4JLogger [restartedMain] Adding discovered server appribo-shard-00-02.u9tuy.mongodb.net:27017 to client view of cluster
2020-12-14 01:29:10,769 INFO o.s.b.d.a.OptionalLiveReloadServer [restartedMain] LiveReload server is running on port 35729
2020-12-14 01:29:10,892 INFO c.m.d.l.SLF4JLogger [cluster-ClusterId{value='5fd6728e65b8c11e0e53c996', description='null'}-appribo-shard-00-00.u9tuy.mongodb.net:27017] Opened connection [connectionId{localValue:27, serverValue:206937}] to appribo-shard-00-00.u9tuy.mongodb.net:27017
2020-12-14 01:29:10,892 INFO c.m.d.l.SLF4JLogger [cluster-ClusterId{value='5fd6728e65b8c11e0e53c996', description='null'}-appribo-shard-00-00.u9tuy.mongodb.net:27017] Monitor thread successfully connected to server with description ServerDescription{address=appribo-shard-00-00.u9tuy.mongodb.net:27017, type=REPLICA_SET_SECONDARY, state=CONNECTED, ok=true, minWireVersion=0, maxWireVersion=8, maxDocumentSize=16777216, logicalSessionTimeoutMinutes=30, roundTripTimeNanos=122546700, setName='atlas-bfkess-shard-0', canonicalAddress=appribo-shard-00-00.u9tuy.mongodb.net:27017, hosts=[appribo-shard-00-00.u9tuy.mongodb.net:27017, appribo-shard-00-01.u9tuy.mongodb.net:27017, appribo-shard-00-02.u9tuy.mongodb.net:27017], passives=[], arbiters=[], primary='appribo-shard-00-01.u9tuy.mongodb.net:27017', tagSet=TagSet{[Tag{name='nodeType', value='ELECTABLE'}, Tag{name='provider', value='AWS'}, Tag{name='region', value='AP_SOUTH_1'}, Tag{name='workloadType', value='OPERATIONAL'}]}, electionId=null, setVersion=1, topologyVersion=null, lastWriteDate=Mon Dec 14 01:29:29 IST 2020, lastUpdateTimeNanos=48038944004000}
2020-12-14 01:29:10,893 INFO c.m.d.l.SLF4JLogger [cluster-ClusterId{value='5fd6728e65b8c11e0e53c996', description='null'}-appribo-shard-00-01.u9tuy.mongodb.net:27017] Opened connection [connectionId{localValue:29, serverValue:263650}] to appribo-shard-00-01.u9tuy.mongodb.net:27017
2020-12-14 01:29:10,894 INFO c.m.d.l.SLF4JLogger [cluster-ClusterId{value='5fd6728e65b8c11e0e53c996', description='null'}-appribo-shard-00-01.u9tuy.mongodb.net:27017] Monitor thread successfully connected to server with description ServerDescription{address=appribo-shard-00-01.u9tuy.mongodb.net:27017, type=REPLICA_SET_PRIMARY, state=CONNECTED, ok=true, minWireVersion=0, maxWireVersion=8, maxDocumentSize=16777216, logicalSessionTimeoutMinutes=30, roundTripTimeNanos=120084400, setName='atlas-bfkess-shard-0', canonicalAddress=appribo-shard-00-01.u9tuy.mongodb.net:27017, hosts=[appribo-shard-00-00.u9tuy.mongodb.net:27017, appribo-shard-00-01.u9tuy.mongodb.net:27017, appribo-shard-00-02.u9tuy.mongodb.net:27017], passives=[], arbiters=[], primary='appribo-shard-00-01.u9tuy.mongodb.net:27017', tagSet=TagSet{[Tag{name='nodeType', value='ELECTABLE'}, Tag{name='provider', value='AWS'}, Tag{name='region', value='AP_SOUTH_1'}, Tag{name='workloadType', value='OPERATIONAL'}]}, electionId=7fffffff000000000000000c, setVersion=1, topologyVersion=null, lastWriteDate=Mon Dec 14 01:29:29 IST 2020, lastUpdateTimeNanos=48038945568500}
2020-12-14 01:29:10,905 INFO c.m.d.l.SLF4JLogger [cluster-ClusterId{value='5fd6728e65b8c11e0e53c996', description='null'}-appribo-shard-00-01.u9tuy.mongodb.net:27017] Setting max election id to 7fffffff000000000000000c from replica set primary appribo-shard-00-01.u9tuy.mongodb.net:27017
2020-12-14 01:29:10,906 INFO c.m.d.l.SLF4JLogger [cluster-ClusterId{value='5fd6728e65b8c11e0e53c996', description='null'}-appribo-shard-00-01.u9tuy.mongodb.net:27017] Setting max set version to 1 from replica set primary appribo-shard-00-01.u9tuy.mongodb.net:27017
2020-12-14 01:29:10,906 INFO c.m.d.l.SLF4JLogger [cluster-ClusterId{value='5fd6728e65b8c11e0e53c996', description='null'}-appribo-shard-00-01.u9tuy.mongodb.net:27017] Discovered replica set primary appribo-shard-00-01.u9tuy.mongodb.net:27017
2020-12-14 01:29:10,911 INFO c.m.d.l.SLF4JLogger [cluster-rtt-ClusterId{value='5fd6728e65b8c11e0e53c996', description='null'}-appribo-shard-00-02.u9tuy.mongodb.net:27017] Opened connection [connectionId{localValue:32, serverValue:206621}] to appribo-shard-00-02.u9tuy.mongodb.net:27017
2020-12-14 01:29:10,925 INFO c.m.d.l.SLF4JLogger [cluster-rtt-ClusterId{value='5fd6728e65b8c11e0e53c996', description='null'}-appribo-shard-00-01.u9tuy.mongodb.net:27017] Opened connection [connectionId{localValue:30, serverValue:263651}] to appribo-shard-00-01.u9tuy.mongodb.net:27017
2020-12-14 01:29:10,935 INFO c.m.d.l.SLF4JLogger [cluster-rtt-ClusterId{value='5fd6728e65b8c11e0e53c996', description='null'}-appribo-shard-00-00.u9tuy.mongodb.net:27017] Opened connection [connectionId{localValue:28, serverValue:206937}] to appribo-shard-00-00.u9tuy.mongodb.net:27017
2020-12-14 01:29:10,956 INFO c.m.d.l.SLF4JLogger [cluster-ClusterId{value='5fd6728e65b8c11e0e53c996', description='null'}-appribo-shard-00-02.u9tuy.mongodb.net:27017] Opened connection [connectionId{localValue:31, serverValue:206621}] to appribo-shard-00-02.u9tuy.mongodb.net:27017
2020-12-14 01:29:10,956 INFO c.m.d.l.SLF4JLogger [cluster-ClusterId{value='5fd6728e65b8c11e0e53c996', description='null'}-appribo-shard-00-02.u9tuy.mongodb.net:27017] Monitor thread successfully connected to server with description ServerDescription{address=appribo-shard-00-02.u9tuy.mongodb.net:27017, type=REPLICA_SET_SECONDARY, state=CONNECTED, ok=true, minWireVersion=0, maxWireVersion=8, maxDocumentSize=16777216, logicalSessionTimeoutMinutes=30, roundTripTimeNanos=139270700, setName='atlas-bfkess-shard-0', canonicalAddress=appribo-shard-00-02.u9tuy.mongodb.net:27017, hosts=[appribo-shard-00-00.u9tuy.mongodb.net:27017, appribo-shard-00-01.u9tuy.mongodb.net:27017, appribo-shard-00-02.u9tuy.mongodb.net:27017], passives=[], arbiters=[], primary='appribo-shard-00-01.u9tuy.mongodb.net:27017', tagSet=TagSet{[Tag{name='nodeType', value='ELECTABLE'}, Tag{name='provider', value='AWS'}, Tag{name='region', value='AP_SOUTH_1'}, Tag{name='workloadType', value='OPERATIONAL'}]}, electionId=null, setVersion=1, topologyVersion=null, lastWriteDate=Mon Dec 14 01:29:29 IST 2020, lastUpdateTimeNanos=48039007696900}
2020-12-14 01:29:10,995 INFO o.s.s.c.ExecutorConfigurationSupport [restartedMain] Initializing ExecutorService 'applicationTaskExecutor'
2020-12-14 01:29:11,058 INFO o.a.j.l.DirectJDKLog [restartedMain] Starting ProtocolHandler ["http-nio-8085"]
2020-12-14 01:29:11,079 INFO o.s.b.w.e.t.TomcatWebServer [restartedMain] Tomcat started on port(s): 8085 (http) with context path ''
2020-12-14 01:29:11,095 INFO o.s.b.StartupInfoLogger [restartedMain] Started CompxApplication in 1.862 seconds (JVM running for 1670.401)
2020-12-14 01:29:11,102 INFO o.s.b.d.a.ConditionEvaluationDeltaLoggingListener [restartedMain] Condition evaluation unchanged
2020-12-14 01:29:34,018 INFO o.a.j.l.DirectJDKLog [http-nio-8085-exec-1] Initializing Spring DispatcherServlet 'dispatcherServlet'
2020-12-14 01:29:34,018 INFO o.s.w.s.FrameworkServlet [http-nio-8085-exec-1] Initializing Servlet 'dispatcherServlet'
2020-12-14 01:29:34,020 INFO o.s.w.s.FrameworkServlet [http-nio-8085-exec-1] Completed initialization in 2 ms
2020-12-14 01:29:34,311 INFO c.m.d.l.SLF4JLogger [http-nio-8085-exec-1] Opened connection [connectionId{localValue:33, serverValue:263904}] to appribo-shard-00-01.u9tuy.mongodb.net:27017
2020-12-14 01:32:49,476 INFO c.c.c.FileImportController [http-nio-8085-exec-3] FileName:employee.csv
2020-12-14 01:41:50,626 INFO c.c.c.FileImportController [http-nio-8085-exec-8] FileName:employee.csv
2020-12-14 02:03:07,361 INFO c.c.c.FileImportController [http-nio-8085-exec-1] FileName:employee.csv
2020-12-14 02:05:20,962 INFO c.c.c.FileImportController [http-nio-8085-exec-8] FileName:employee.csv
2020-12-14 02:06:41,650 INFO c.c.c.FileImportController [http-nio-8085-exec-10] FileName:employee3.csv
2020-12-14 02:06:44,436 ERROR c.c.s.FileImportService [http-nio-8085-exec-10] Error in FileImport Service:Input length = 1
2020-12-14 09:43:50,337 INFO c.m.d.l.SLF4JLogger [cluster-rtt-ClusterId{value='5fd6728e65b8c11e0e53c996', description='null'}-appribo-shard-00-00.u9tuy.mongodb.net:27017] Opened connection [connectionId{localValue:36, serverValue:213727}] to appribo-shard-00-00.u9tuy.mongodb.net:27017
2020-12-14 09:43:50,337 INFO c.m.d.l.SLF4JLogger [cluster-rtt-ClusterId{value='5fd6728e65b8c11e0e53c996', description='null'}-appribo-shard-00-01.u9tuy.mongodb.net:27017] Opened connection [connectionId{localValue:34, serverValue:272175}] to appribo-shard-00-01.u9tuy.mongodb.net:27017
2020-12-14 09:43:50,337 INFO c.m.d.l.SLF4JLogger [cluster-rtt-ClusterId{value='5fd6728e65b8c11e0e53c996', description='null'}-appribo-shard-00-02.u9tuy.mongodb.net:27017] Opened connection [connectionId{localValue:35, serverValue:213820}] to appribo-shard-00-02.u9tuy.mongodb.net:27017
2020-12-14 09:43:34,318 INFO c.m.d.l.SLF4JLogger [cluster-ClusterId{value='5fd6728e65b8c11e0e53c996', description='null'}-appribo-shard-00-02.u9tuy.mongodb.net:27017] Exception in monitor thread while connecting to server appribo-shard-00-02.u9tuy.mongodb.net:27017
com.mongodb.MongoSocketWriteException: Exception sending message
	at com.mongodb.internal.connection.InternalStreamConnection.translateWriteException(InternalStreamConnection.java:619) ~[mongodb-driver-core-4.1.1.jar:?]
	at com.mongodb.internal.connection.InternalStreamConnection.sendMessage(InternalStreamConnection.java:497) ~[mongodb-driver-core-4.1.1.jar:?]
	at com.mongodb.internal.connection.InternalStreamConnection.sendCommandMessage(InternalStreamConnection.java:328) ~[mongodb-driver-core-4.1.1.jar:?]
	at com.mongodb.internal.connection.InternalStreamConnection.send(InternalStreamConnection.java:295) ~[mongodb-driver-core-4.1.1.jar:?]
	at com.mongodb.internal.connection.DefaultServerMonitor$ServerMonitorRunnable.lookupServerDescription(DefaultServerMonitor.java:209) [mongodb-driver-core-4.1.1.jar:?]
	at com.mongodb.internal.connection.DefaultServerMonitor$ServerMonitorRunnable.run(DefaultServerMonitor.java:144) [mongodb-driver-core-4.1.1.jar:?]
	at java.lang.Thread.run(Thread.java:832) [?:?]
Caused by: java.net.SocketException: Connection reset by peer
	at sun.nio.ch.NioSocketImpl.implWrite(NioSocketImpl.java:420) ~[?:?]
	at sun.nio.ch.NioSocketImpl.write(NioSocketImpl.java:440) ~[?:?]
	at sun.nio.ch.NioSocketImpl$2.write(NioSocketImpl.java:826) ~[?:?]
	at java.net.Socket$SocketOutputStream.write(Socket.java:1052) ~[?:?]
	at sun.security.ssl.SSLSocketOutputRecord.deliver(SSLSocketOutputRecord.java:342) ~[?:?]
	at sun.security.ssl.SSLSocketImpl$AppOutputStream.write(SSLSocketImpl.java:1264) ~[?:?]
	at com.mongodb.internal.connection.SocketStream.write(SocketStream.java:99) ~[mongodb-driver-core-4.1.1.jar:?]
	at com.mongodb.internal.connection.InternalStreamConnection.sendMessage(InternalStreamConnection.java:494) ~[mongodb-driver-core-4.1.1.jar:?]
	... 5 more
2020-12-14 09:43:34,318 INFO c.m.d.l.SLF4JLogger [cluster-ClusterId{value='5fd6728e65b8c11e0e53c996', description='null'}-appribo-shard-00-00.u9tuy.mongodb.net:27017] Exception in monitor thread while connecting to server appribo-shard-00-00.u9tuy.mongodb.net:27017
com.mongodb.MongoSocketWriteException: Exception sending message
	at com.mongodb.internal.connection.InternalStreamConnection.translateWriteException(InternalStreamConnection.java:619) ~[mongodb-driver-core-4.1.1.jar:?]
	at com.mongodb.internal.connection.InternalStreamConnection.sendMessage(InternalStreamConnection.java:497) ~[mongodb-driver-core-4.1.1.jar:?]
	at com.mongodb.internal.connection.InternalStreamConnection.sendCommandMessage(InternalStreamConnection.java:328) ~[mongodb-driver-core-4.1.1.jar:?]
	at com.mongodb.internal.connection.InternalStreamConnection.send(InternalStreamConnection.java:295) ~[mongodb-driver-core-4.1.1.jar:?]
	at com.mongodb.internal.connection.DefaultServerMonitor$ServerMonitorRunnable.lookupServerDescription(DefaultServerMonitor.java:209) [mongodb-driver-core-4.1.1.jar:?]
	at com.mongodb.internal.connection.DefaultServerMonitor$ServerMonitorRunnable.run(DefaultServerMonitor.java:144) [mongodb-driver-core-4.1.1.jar:?]
	at java.lang.Thread.run(Thread.java:832) [?:?]
Caused by: java.net.SocketException: Connection reset by peer
	at sun.nio.ch.NioSocketImpl.implWrite(NioSocketImpl.java:420) ~[?:?]
	at sun.nio.ch.NioSocketImpl.write(NioSocketImpl.java:440) ~[?:?]
	at sun.nio.ch.NioSocketImpl$2.write(NioSocketImpl.java:826) ~[?:?]
	at java.net.Socket$SocketOutputStream.write(Socket.java:1052) ~[?:?]
	at sun.security.ssl.SSLSocketOutputRecord.deliver(SSLSocketOutputRecord.java:342) ~[?:?]
	at sun.security.ssl.SSLSocketImpl$AppOutputStream.write(SSLSocketImpl.java:1264) ~[?:?]
	at com.mongodb.internal.connection.SocketStream.write(SocketStream.java:99) ~[mongodb-driver-core-4.1.1.jar:?]
	at com.mongodb.internal.connection.InternalStreamConnection.sendMessage(InternalStreamConnection.java:494) ~[mongodb-driver-core-4.1.1.jar:?]
	... 5 more
2020-12-14 09:43:34,318 INFO c.m.d.l.SLF4JLogger [cluster-ClusterId{value='5fd6728e65b8c11e0e53c996', description='null'}-appribo-shard-00-01.u9tuy.mongodb.net:27017] Exception in monitor thread while connecting to server appribo-shard-00-01.u9tuy.mongodb.net:27017
com.mongodb.MongoSocketWriteException: Exception sending message
	at com.mongodb.internal.connection.InternalStreamConnection.translateWriteException(InternalStreamConnection.java:619) ~[mongodb-driver-core-4.1.1.jar:?]
	at com.mongodb.internal.connection.InternalStreamConnection.sendMessage(InternalStreamConnection.java:497) ~[mongodb-driver-core-4.1.1.jar:?]
	at com.mongodb.internal.connection.InternalStreamConnection.sendCommandMessage(InternalStreamConnection.java:328) ~[mongodb-driver-core-4.1.1.jar:?]
	at com.mongodb.internal.connection.InternalStreamConnection.send(InternalStreamConnection.java:295) ~[mongodb-driver-core-4.1.1.jar:?]
	at com.mongodb.internal.connection.DefaultServerMonitor$ServerMonitorRunnable.lookupServerDescription(DefaultServerMonitor.java:209) [mongodb-driver-core-4.1.1.jar:?]
	at com.mongodb.internal.connection.DefaultServerMonitor$ServerMonitorRunnable.run(DefaultServerMonitor.java:144) [mongodb-driver-core-4.1.1.jar:?]
	at java.lang.Thread.run(Thread.java:832) [?:?]
Caused by: java.net.SocketException: Connection reset by peer
	at sun.nio.ch.NioSocketImpl.implWrite(NioSocketImpl.java:420) ~[?:?]
	at sun.nio.ch.NioSocketImpl.write(NioSocketImpl.java:440) ~[?:?]
	at sun.nio.ch.NioSocketImpl$2.write(NioSocketImpl.java:826) ~[?:?]
	at java.net.Socket$SocketOutputStream.write(Socket.java:1052) ~[?:?]
	at sun.security.ssl.SSLSocketOutputRecord.deliver(SSLSocketOutputRecord.java:342) ~[?:?]
	at sun.security.ssl.SSLSocketImpl$AppOutputStream.write(SSLSocketImpl.java:1264) ~[?:?]
	at com.mongodb.internal.connection.SocketStream.write(SocketStream.java:99) ~[mongodb-driver-core-4.1.1.jar:?]
	at com.mongodb.internal.connection.InternalStreamConnection.sendMessage(InternalStreamConnection.java:494) ~[mongodb-driver-core-4.1.1.jar:?]
	... 5 more
2020-12-14 09:47:04,509 INFO c.m.d.l.SLF4JLogger [cluster-ClusterId{value='5fd6728e65b8c11e0e53c996', description='null'}-appribo-shard-00-00.u9tuy.mongodb.net:27017] Opened connection [connectionId{localValue:39, serverValue:213727}] to appribo-shard-00-00.u9tuy.mongodb.net:27017
2020-12-14 09:47:04,509 INFO c.m.d.l.SLF4JLogger [cluster-ClusterId{value='5fd6728e65b8c11e0e53c996', description='null'}-appribo-shard-00-01.u9tuy.mongodb.net:27017] Opened connection [connectionId{localValue:38, serverValue:272855}] to appribo-shard-00-01.u9tuy.mongodb.net:27017
2020-12-14 09:47:04,509 INFO c.m.d.l.SLF4JLogger [cluster-ClusterId{value='5fd6728e65b8c11e0e53c996', description='null'}-appribo-shard-00-02.u9tuy.mongodb.net:27017] Opened connection [connectionId{localValue:37, serverValue:213820}] to appribo-shard-00-02.u9tuy.mongodb.net:27017
2020-12-14 09:47:04,739 INFO c.m.d.l.SLF4JLogger [cluster-ClusterId{value='5fd6728e65b8c11e0e53c996', description='null'}-appribo-shard-00-01.u9tuy.mongodb.net:27017] Monitor thread successfully connected to server with description ServerDescription{address=appribo-shard-00-01.u9tuy.mongodb.net:27017, type=REPLICA_SET_PRIMARY, state=CONNECTED, ok=true, minWireVersion=0, maxWireVersion=8, maxDocumentSize=16777216, logicalSessionTimeoutMinutes=30, roundTripTimeNanos=684436400, setName='atlas-bfkess-shard-0', canonicalAddress=appribo-shard-00-01.u9tuy.mongodb.net:27017, hosts=[appribo-shard-00-00.u9tuy.mongodb.net:27017, appribo-shard-00-01.u9tuy.mongodb.net:27017, appribo-shard-00-02.u9tuy.mongodb.net:27017], passives=[], arbiters=[], primary='appribo-shard-00-01.u9tuy.mongodb.net:27017', tagSet=TagSet{[Tag{name='nodeType', value='ELECTABLE'}, Tag{name='provider', value='AWS'}, Tag{name='region', value='AP_SOUTH_1'}, Tag{name='workloadType', value='OPERATIONAL'}]}, electionId=7fffffff000000000000000c, setVersion=1, topologyVersion=null, lastWriteDate=Mon Dec 14 09:47:20 IST 2020, lastUpdateTimeNanos=77912527255400}
2020-12-14 09:47:04,739 INFO c.m.d.l.SLF4JLogger [cluster-ClusterId{value='5fd6728e65b8c11e0e53c996', description='null'}-appribo-shard-00-02.u9tuy.mongodb.net:27017] Monitor thread successfully connected to server with description ServerDescription{address=appribo-shard-00-02.u9tuy.mongodb.net:27017, type=REPLICA_SET_SECONDARY, state=CONNECTED, ok=true, minWireVersion=0, maxWireVersion=8, maxDocumentSize=16777216, logicalSessionTimeoutMinutes=30, roundTripTimeNanos=668734400, setName='atlas-bfkess-shard-0', canonicalAddress=appribo-shard-00-02.u9tuy.mongodb.net:27017, hosts=[appribo-shard-00-00.u9tuy.mongodb.net:27017, appribo-shard-00-01.u9tuy.mongodb.net:27017, appribo-shard-00-02.u9tuy.mongodb.net:27017], passives=[], arbiters=[], primary='appribo-shard-00-01.u9tuy.mongodb.net:27017', tagSet=TagSet{[Tag{name='nodeType', value='ELECTABLE'}, Tag{name='provider', value='AWS'}, Tag{name='region', value='AP_SOUTH_1'}, Tag{name='workloadType', value='OPERATIONAL'}]}, electionId=null, setVersion=1, topologyVersion=null, lastWriteDate=Mon Dec 14 09:47:20 IST 2020, lastUpdateTimeNanos=77912517380100}
2020-12-14 09:47:04,739 INFO c.m.d.l.SLF4JLogger [cluster-ClusterId{value='5fd6728e65b8c11e0e53c996', description='null'}-appribo-shard-00-00.u9tuy.mongodb.net:27017] Monitor thread successfully connected to server with description ServerDescription{address=appribo-shard-00-00.u9tuy.mongodb.net:27017, type=REPLICA_SET_SECONDARY, state=CONNECTED, ok=true, minWireVersion=0, maxWireVersion=8, maxDocumentSize=16777216, logicalSessionTimeoutMinutes=30, roundTripTimeNanos=720327200, setName='atlas-bfkess-shard-0', canonicalAddress=appribo-shard-00-00.u9tuy.mongodb.net:27017, hosts=[appribo-shard-00-00.u9tuy.mongodb.net:27017, appribo-shard-00-01.u9tuy.mongodb.net:27017, appribo-shard-00-02.u9tuy.mongodb.net:27017], passives=[], arbiters=[], primary='appribo-shard-00-01.u9tuy.mongodb.net:27017', tagSet=TagSet{[Tag{name='nodeType', value='ELECTABLE'}, Tag{name='provider', value='AWS'}, Tag{name='region', value='AP_SOUTH_1'}, Tag{name='workloadType', value='OPERATIONAL'}]}, electionId=null, setVersion=1, topologyVersion=null, lastWriteDate=Mon Dec 14 09:47:20 IST 2020, lastUpdateTimeNanos=77912517423900}
2020-12-14 09:47:04,855 INFO c.m.d.l.SLF4JLogger [cluster-ClusterId{value='5fd6728e65b8c11e0e53c996', description='null'}-appribo-shard-00-01.u9tuy.mongodb.net:27017] Discovered replica set primary appribo-shard-00-01.u9tuy.mongodb.net:27017
