2020-12-14 17:27:18,029 INFO o.s.b.StartupInfoLogger [restartedMain] Starting CompxApplication using Java 14.0.2 on LAPTOP-B43C7EAM with PID 15316 (C:\Users\Pramoth\git\Compx\target\classes started by Pramoth in C:\Users\Pramoth\git\Compx)
2020-12-14 17:27:18,048 DEBUG o.s.b.StartupInfoLogger [restartedMain] Running with Spring Boot v2.4.0, Spring v5.3.1
2020-12-14 17:27:18,050 INFO o.s.b.SpringApplication [restartedMain] No active profile set, falling back to default profiles: default
2020-12-14 17:27:18,167 INFO o.s.b.l.DeferredLog [restartedMain] Devtools property defaults active! Set 'spring.devtools.add-properties' to 'false' to disable
2020-12-14 17:27:18,218 INFO o.s.b.l.DeferredLog [restartedMain] For additional web related logging consider setting the 'logging.level.web' property to 'DEBUG'
2020-12-14 17:27:19,586 INFO o.s.d.r.c.RepositoryConfigurationDelegate [restartedMain] Bootstrapping Spring Data MongoDB repositories in DEFAULT mode.
2020-12-14 17:27:19,699 INFO o.s.d.r.c.RepositoryConfigurationDelegate [restartedMain] Finished Spring Data repository scanning in 104 ms. Found 2 MongoDB repository interfaces.
2020-12-14 17:27:20,999 INFO o.s.b.w.e.t.TomcatWebServer [restartedMain] Tomcat initialized with port(s): 8085 (http)
2020-12-14 17:27:21,060 INFO o.a.j.l.DirectJDKLog [restartedMain] Initializing ProtocolHandler ["http-nio-8085"]
2020-12-14 17:27:21,062 INFO o.a.j.l.DirectJDKLog [restartedMain] Starting service [Tomcat]
2020-12-14 17:27:21,064 INFO o.a.j.l.DirectJDKLog [restartedMain] Starting Servlet engine: [Apache Tomcat/9.0.39]
2020-12-14 17:27:21,287 INFO o.a.j.l.DirectJDKLog [restartedMain] Initializing Spring embedded WebApplicationContext
2020-12-14 17:27:21,295 INFO o.s.b.w.s.c.ServletWebServerApplicationContext [restartedMain] Root WebApplicationContext: initialization completed in 3068 ms
2020-12-14 17:27:21,775 INFO c.m.d.l.SLF4JLogger [restartedMain] Cluster created with settings {hosts=[appribo-shard-00-00.u9tuy.mongodb.net:27017, appribo-shard-00-01.u9tuy.mongodb.net:27017, appribo-shard-00-02.u9tuy.mongodb.net:27017], mode=MULTIPLE, requiredClusterType=REPLICA_SET, serverSelectionTimeout='30000 ms', requiredReplicaSetName='atlas-bfkess-shard-0'}
2020-12-14 17:27:21,777 INFO c.m.d.l.SLF4JLogger [restartedMain] Adding discovered server appribo-shard-00-00.u9tuy.mongodb.net:27017 to client view of cluster
2020-12-14 17:27:21,835 INFO c.m.d.l.SLF4JLogger [restartedMain] Adding discovered server appribo-shard-00-01.u9tuy.mongodb.net:27017 to client view of cluster
2020-12-14 17:27:21,844 INFO c.m.d.l.SLF4JLogger [restartedMain] Adding discovered server appribo-shard-00-02.u9tuy.mongodb.net:27017 to client view of cluster
2020-12-14 17:27:22,381 INFO o.s.b.d.a.OptionalLiveReloadServer [restartedMain] LiveReload server is running on port 35729
2020-12-14 17:27:22,854 INFO c.m.d.l.SLF4JLogger [cluster-rtt-ClusterId{value='5fd7532122fd3241bbc59588', description='null'}-appribo-shard-00-01.u9tuy.mongodb.net:27017] Opened connection [connectionId{localValue:4, serverValue:283054}] to appribo-shard-00-01.u9tuy.mongodb.net:27017
2020-12-14 17:27:22,855 INFO c.m.d.l.SLF4JLogger [cluster-ClusterId{value='5fd7532122fd3241bbc59588', description='null'}-appribo-shard-00-01.u9tuy.mongodb.net:27017] Opened connection [connectionId{localValue:3, serverValue:283054}] to appribo-shard-00-01.u9tuy.mongodb.net:27017
2020-12-14 17:27:22,855 INFO c.m.d.l.SLF4JLogger [cluster-rtt-ClusterId{value='5fd7532122fd3241bbc59588', description='null'}-appribo-shard-00-00.u9tuy.mongodb.net:27017] Opened connection [connectionId{localValue:1, serverValue:222053}] to appribo-shard-00-00.u9tuy.mongodb.net:27017
2020-12-14 17:27:22,855 INFO c.m.d.l.SLF4JLogger [cluster-rtt-ClusterId{value='5fd7532122fd3241bbc59588', description='null'}-appribo-shard-00-02.u9tuy.mongodb.net:27017] Opened connection [connectionId{localValue:6, serverValue:221980}] to appribo-shard-00-02.u9tuy.mongodb.net:27017
2020-12-14 17:27:22,854 INFO c.m.d.l.SLF4JLogger [cluster-ClusterId{value='5fd7532122fd3241bbc59588', description='null'}-appribo-shard-00-00.u9tuy.mongodb.net:27017] Opened connection [connectionId{localValue:2, serverValue:222053}] to appribo-shard-00-00.u9tuy.mongodb.net:27017
2020-12-14 17:27:22,857 INFO c.m.d.l.SLF4JLogger [cluster-ClusterId{value='5fd7532122fd3241bbc59588', description='null'}-appribo-shard-00-01.u9tuy.mongodb.net:27017] Monitor thread successfully connected to server with description ServerDescription{address=appribo-shard-00-01.u9tuy.mongodb.net:27017, type=REPLICA_SET_PRIMARY, state=CONNECTED, ok=true, minWireVersion=0, maxWireVersion=8, maxDocumentSize=16777216, logicalSessionTimeoutMinutes=30, roundTripTimeNanos=453591300, setName='atlas-bfkess-shard-0', canonicalAddress=appribo-shard-00-01.u9tuy.mongodb.net:27017, hosts=[appribo-shard-00-00.u9tuy.mongodb.net:27017, appribo-shard-00-01.u9tuy.mongodb.net:27017, appribo-shard-00-02.u9tuy.mongodb.net:27017], passives=[], arbiters=[], primary='appribo-shard-00-01.u9tuy.mongodb.net:27017', tagSet=TagSet{[Tag{name='nodeType', value='ELECTABLE'}, Tag{name='provider', value='AWS'}, Tag{name='region', value='AP_SOUTH_1'}, Tag{name='workloadType', value='OPERATIONAL'}]}, electionId=7fffffff000000000000000c, setVersion=1, topologyVersion=null, lastWriteDate=Mon Dec 14 17:27:40 IST 2020, lastUpdateTimeNanos=105530912427800}
2020-12-14 17:27:22,857 INFO c.m.d.l.SLF4JLogger [cluster-ClusterId{value='5fd7532122fd3241bbc59588', description='null'}-appribo-shard-00-00.u9tuy.mongodb.net:27017] Monitor thread successfully connected to server with description ServerDescription{address=appribo-shard-00-00.u9tuy.mongodb.net:27017, type=REPLICA_SET_SECONDARY, state=CONNECTED, ok=true, minWireVersion=0, maxWireVersion=8, maxDocumentSize=16777216, logicalSessionTimeoutMinutes=30, roundTripTimeNanos=452500100, setName='atlas-bfkess-shard-0', canonicalAddress=appribo-shard-00-00.u9tuy.mongodb.net:27017, hosts=[appribo-shard-00-00.u9tuy.mongodb.net:27017, appribo-shard-00-01.u9tuy.mongodb.net:27017, appribo-shard-00-02.u9tuy.mongodb.net:27017], passives=[], arbiters=[], primary='appribo-shard-00-01.u9tuy.mongodb.net:27017', tagSet=TagSet{[Tag{name='nodeType', value='ELECTABLE'}, Tag{name='provider', value='AWS'}, Tag{name='region', value='AP_SOUTH_1'}, Tag{name='workloadType', value='OPERATIONAL'}]}, electionId=null, setVersion=1, topologyVersion=null, lastWriteDate=Mon Dec 14 17:27:40 IST 2020, lastUpdateTimeNanos=105530913047100}
2020-12-14 17:27:22,861 INFO c.m.d.l.SLF4JLogger [cluster-ClusterId{value='5fd7532122fd3241bbc59588', description='null'}-appribo-shard-00-01.u9tuy.mongodb.net:27017] Setting max election id to 7fffffff000000000000000c from replica set primary appribo-shard-00-01.u9tuy.mongodb.net:27017
2020-12-14 17:27:22,862 INFO c.m.d.l.SLF4JLogger [cluster-ClusterId{value='5fd7532122fd3241bbc59588', description='null'}-appribo-shard-00-02.u9tuy.mongodb.net:27017] Opened connection [connectionId{localValue:5, serverValue:221980}] to appribo-shard-00-02.u9tuy.mongodb.net:27017
2020-12-14 17:27:22,862 INFO c.m.d.l.SLF4JLogger [cluster-ClusterId{value='5fd7532122fd3241bbc59588', description='null'}-appribo-shard-00-01.u9tuy.mongodb.net:27017] Setting max set version to 1 from replica set primary appribo-shard-00-01.u9tuy.mongodb.net:27017
2020-12-14 17:27:22,864 INFO c.m.d.l.SLF4JLogger [cluster-ClusterId{value='5fd7532122fd3241bbc59588', description='null'}-appribo-shard-00-02.u9tuy.mongodb.net:27017] Monitor thread successfully connected to server with description ServerDescription{address=appribo-shard-00-02.u9tuy.mongodb.net:27017, type=REPLICA_SET_SECONDARY, state=CONNECTED, ok=true, minWireVersion=0, maxWireVersion=8, maxDocumentSize=16777216, logicalSessionTimeoutMinutes=30, roundTripTimeNanos=461418600, setName='atlas-bfkess-shard-0', canonicalAddress=appribo-shard-00-02.u9tuy.mongodb.net:27017, hosts=[appribo-shard-00-00.u9tuy.mongodb.net:27017, appribo-shard-00-01.u9tuy.mongodb.net:27017, appribo-shard-00-02.u9tuy.mongodb.net:27017], passives=[], arbiters=[], primary='appribo-shard-00-01.u9tuy.mongodb.net:27017', tagSet=TagSet{[Tag{name='nodeType', value='ELECTABLE'}, Tag{name='provider', value='AWS'}, Tag{name='region', value='AP_SOUTH_1'}, Tag{name='workloadType', value='OPERATIONAL'}]}, electionId=null, setVersion=1, topologyVersion=null, lastWriteDate=Mon Dec 14 17:27:40 IST 2020, lastUpdateTimeNanos=105530921452200}
2020-12-14 17:27:22,864 INFO c.m.d.l.SLF4JLogger [cluster-ClusterId{value='5fd7532122fd3241bbc59588', description='null'}-appribo-shard-00-01.u9tuy.mongodb.net:27017] Discovered replica set primary appribo-shard-00-01.u9tuy.mongodb.net:27017
2020-12-14 17:27:23,264 INFO o.s.s.c.ExecutorConfigurationSupport [restartedMain] Initializing ExecutorService 'applicationTaskExecutor'
2020-12-14 17:27:23,620 INFO o.a.j.l.DirectJDKLog [restartedMain] Starting ProtocolHandler ["http-nio-8085"]
2020-12-14 17:27:23,681 INFO o.s.b.w.e.t.TomcatWebServer [restartedMain] Tomcat started on port(s): 8085 (http) with context path ''
2020-12-14 17:27:23,711 INFO o.s.b.StartupInfoLogger [restartedMain] Started CompxApplication in 6.773 seconds (JVM running for 10.434)
2020-12-14 17:28:32,954 INFO o.a.j.l.DirectJDKLog [http-nio-8085-exec-1] Initializing Spring DispatcherServlet 'dispatcherServlet'
2020-12-14 17:28:32,955 INFO o.s.w.s.FrameworkServlet [http-nio-8085-exec-1] Initializing Servlet 'dispatcherServlet'
2020-12-14 17:28:32,958 INFO o.s.w.s.FrameworkServlet [http-nio-8085-exec-1] Completed initialization in 2 ms
2020-12-14 17:28:45,189 INFO c.c.c.FileImportController [http-nio-8085-exec-1] FileName:employee.csv
2020-12-14 17:28:53,498 INFO c.m.d.l.SLF4JLogger [http-nio-8085-exec-1] Opened connection [connectionId{localValue:7, serverValue:283381}] to appribo-shard-00-01.u9tuy.mongodb.net:27017
